<?xml version="1.0" encoding="UTF-8"?>
<!-- Generated by org.testng.reporters.JUnitXMLReporter -->
<testsuite ignored="0" hostname="BijayaChhetri" failures="2" tests="11" name="Surefire test" time="87.572" errors="0" timestamp="2025-03-11T19:40:43 EDT">
  <testcase classname="bc_demo.Test_001_LunchBrowers" name="test_lunch_facebook" time="6.832"/>
  <testcase classname="bc_demo.Test_002_Maximize" name="test_lunch_amazon" time="4.006"/>
  <testcase classname="bc_demo.Test_002_Maximize" name="test_lunch_walmart" time="7.108"/>
  <testcase classname="bc_demo.Test_003_Subi" name="test_lunch_amazon" time="3.805"/>
  <testcase classname="bc_demo.Test_MySQL_Database_Testing" name="test_retrive_data" time="0.702">
    <failure type="java.lang.AssertionError" message="expected [Cavin] but found [Subi C]">
      <![CDATA[java.lang.AssertionError: expected [Cavin] but found [Subi C]
at bc_demo.Test_MySQL_Database_Testing.test_retrive_data(Test_MySQL_Database_Testing.java:38)
at java.base/java.util.ArrayList.forEach(ArrayList.java:1596)
... Removed 36 stack frames]]>
    </failure>
  </testcase> <!-- test_retrive_data -->
  <testcase classname="bc_demo.Test_MySQL_Database_Testing" name="test_updateSql" time="0.088">
    <failure type="java.sql.SQLIntegrityConstraintViolationException" message="Duplicate entry &amp;apos;100&amp;apos; for key &amp;apos;adventemp.PRIMARY&amp;apos;">
      <![CDATA[java.sql.SQLIntegrityConstraintViolationException: Duplicate entry '100' for key 'adventemp.PRIMARY'
at com.mysql.cj.jdbc.exceptions.SQLError.createSQLException(SQLError.java:117)
at com.mysql.cj.jdbc.exceptions.SQLError.createSQLException(SQLError.java:97)
at com.mysql.cj.jdbc.exceptions.SQLExceptionsMapping.translateException(SQLExceptionsMapping.java:122)
at com.mysql.cj.jdbc.ClientPreparedStatement.executeInternal(ClientPreparedStatement.java:953)
at com.mysql.cj.jdbc.ClientPreparedStatement.executeUpdateInternal(ClientPreparedStatement.java:1092)
at com.mysql.cj.jdbc.ClientPreparedStatement.executeUpdateInternal(ClientPreparedStatement.java:1040)
at com.mysql.cj.jdbc.ClientPreparedStatement.executeLargeUpdate(ClientPreparedStatement.java:1347)
at bc_demo.Test_MySQL_Database_Testing.test_updateSql(Test_MySQL_Database_Testing.java:63)
at java.base/java.util.ArrayList.forEach(ArrayList.java:1596)
... Removed 30 stack frames]]>
    </failure>
  </testcase> <!-- test_updateSql -->
  <testcase classname="selenium_webdriver.Test_001_Lunch_Diffrent_Browser" name="test_lunch_chrome" time="10.443"/>
  <testcase classname="selenium_webdriver.Test_001_Lunch_Diffrent_Browser" name="test_lunch_firefox" time="16.082"/>
  <testcase classname="selenium_webdriver.Test_001_Lunch_Diffrent_Browser" name="test_lunch_msedge" time="12.678"/>
  <testcase classname="selenium_webdriver.Test_002_SendKeys_Click" name="test_enter_click" time="15.005"/>
  <testcase classname="selenium_webdriver.Test_003_DropDown" name="test_enter_select_dropdown" time="10.696"/>
</testsuite> <!-- Surefire test -->
