<?xml version="1.0" encoding="UTF-8"?>
<!-- Generated by org.testng.reporters.JUnitXMLReporter -->
<testsuite ignored="0" hostname="BijayaChhetri" failures="0" tests="5" name="Test" time="37.636" errors="0" timestamp="2025-03-20T14:18:12 EDT">
  <testcase classname="com.selenium.webdriver.Test_001_Lunch_Diffrent_Browser" name="test_lunch_chrome" time="8.377"/>
  <testcase classname="com.selenium.webdriver.Test_003_DropDown" name="test_enter_select_dropdown" time="9.846"/>
  <testcase classname="com.selenium.webdriver.Test_002_SendKeys_Click" name="test_enter_click" time="18.894"/>
  <testcase classname="com.selenium.webdriver.Test_001_Lunch_Diffrent_Browser" name="test_lunch_firefox" time="16.344"/>
  <testcase classname="com.selenium.webdriver.Test_001_Lunch_Diffrent_Browser" name="test_lunch_msedge" time="12.771"/>
</testsuite> <!-- Test -->
