<?xml version="1.0" encoding="UTF-8"?>
<testng-results ignored="0" total="1" passed="1" failed="0" skipped="0">
  <reporter-output>
  </reporter-output>
  <suite started-at="2025-04-20T22:54:44 EDT" name="Default suite" finished-at="2025-04-20T22:54:44 EDT" duration-ms="125">
    <groups>
    </groups>
    <test started-at="2025-04-20T22:54:44 EDT" name="Default test" finished-at="2025-04-20T22:54:44 EDT" duration-ms="125">
      <class name="com.learn.java.zTemp">
        <test-method signature="demo()[pri:0, instance:com.learn.java.zTemp@69c81773]" started-at="2025-04-20T22:54:44 EDT" name="demo" finished-at="2025-04-20T22:54:44 EDT" duration-ms="44" status="PASS">
          <reporter-output>
          </reporter-output>
        </test-method> <!-- demo -->
      </class> <!-- com.learn.java.zTemp -->
    </test> <!-- Default test -->
  </suite> <!-- Default suite -->
</testng-results>
