<?xml version="1.0" encoding="UTF-8"?>
<testng-results ignored="0" total="1" passed="1" failed="0" skipped="0">
  <reporter-output>
  </reporter-output>
  <suite started-at="2025-04-08T14:00:49 EDT" name="Default suite" finished-at="2025-04-08T14:00:59 EDT" duration-ms="10096">
    <groups>
    </groups>
    <test started-at="2025-04-08T14:00:49 EDT" name="Default test" finished-at="2025-04-08T14:00:59 EDT" duration-ms="10096">
      <class name="com.selenium.webdriver.Test_006_Refresh_Rorward_Back">
        <test-method is-config="true" signature="setUp()[pri:0, instance:com.selenium.webdriver.Test_006_Refresh_Rorward_Back@821330f]" started-at="2025-04-08T14:00:49 EDT" name="setUp" finished-at="2025-04-08T14:00:51 EDT" duration-ms="2199" status="PASS">
          <reporter-output>
          </reporter-output>
        </test-method> <!-- setUp -->
        <test-method signature="test_demo()[pri:0, instance:com.selenium.webdriver.Test_006_Refresh_Rorward_Back@821330f]" started-at="2025-04-08T14:00:51 EDT" name="test_demo" finished-at="2025-04-08T14:00:57 EDT" duration-ms="5440" status="PASS">
          <reporter-output>
          </reporter-output>
        </test-method> <!-- test_demo -->
        <test-method is-config="true" signature="teardown()[pri:0, instance:com.selenium.webdriver.Test_006_Refresh_Rorward_Back@821330f]" started-at="2025-04-08T14:00:57 EDT" name="teardown" finished-at="2025-04-08T14:00:59 EDT" duration-ms="2276" status="PASS">
          <reporter-output>
          </reporter-output>
        </test-method> <!-- teardown -->
      </class> <!-- com.selenium.webdriver.Test_006_Refresh_Rorward_Back -->
    </test> <!-- Default test -->
  </suite> <!-- Default suite -->
</testng-results>
